2025-11-12 14:16:54,097 [INFO] __main__: manifest успешно получен
2025-11-12 14:17:00,705 [INFO] __main__: сформирован Dataframe squad_cost, shape=(460, 7)
2025-11-12 14:17:00,707 [INFO] __main__: Файл squad_cost.csv сохранён
2025-11-12 14:17:34,916 [INFO] __main__: Спарсили успешно `https://www.transfermarkt.com/real-madrid/besucherzahlenentwicklung/verein/418`
2025-11-12 14:18:05,176 [ERROR] __main__: Ошибка при парсинге `https://www.transfermarkt.world/fc-barcelona/besucherzahlenentwicklung/verein/131`: HTTPSConnectionPool(host='www.transfermarkt.world', port=443): Read timed out. (read timeout=30)
Traceback (most recent call last):
  File "/Library/Frameworks/Python.framework/Versions/3.12/lib/python3.12/site-packages/urllib3/connectionpool.py", line 534, in _make_request
    response = conn.getresponse()
               ^^^^^^^^^^^^^^^^^^
  File "/Library/Frameworks/Python.framework/Versions/3.12/lib/python3.12/site-packages/urllib3/connection.py", line 565, in getresponse
    httplib_response = super().getresponse()
                       ^^^^^^^^^^^^^^^^^^^^^
  File "/Library/Frameworks/Python.framework/Versions/3.12/lib/python3.12/http/client.py", line 1419, in getresponse
    response.begin()
  File "/Library/Frameworks/Python.framework/Versions/3.12/lib/python3.12/http/client.py", line 331, in begin
    version, status, reason = self._read_status()
                              ^^^^^^^^^^^^^^^^^^^
  File "/Library/Frameworks/Python.framework/Versions/3.12/lib/python3.12/http/client.py", line 292, in _read_status
    line = str(self.fp.readline(_MAXLINE + 1), "iso-8859-1")
               ^^^^^^^^^^^^^^^^^^^^^^^^^^^^^^
  File "/Library/Frameworks/Python.framework/Versions/3.12/lib/python3.12/socket.py", line 707, in readinto
    return self._sock.recv_into(b)
           ^^^^^^^^^^^^^^^^^^^^^^^
  File "/Library/Frameworks/Python.framework/Versions/3.12/lib/python3.12/ssl.py", line 1253, in recv_into
    return self.read(nbytes, buffer)
           ^^^^^^^^^^^^^^^^^^^^^^^^^
  File "/Library/Frameworks/Python.framework/Versions/3.12/lib/python3.12/ssl.py", line 1105, in read
    return self._sslobj.read(len, buffer)
           ^^^^^^^^^^^^^^^^^^^^^^^^^^^^^^
TimeoutError: The read operation timed out

The above exception was the direct cause of the following exception:

Traceback (most recent call last):
  File "/Library/Frameworks/Python.framework/Versions/3.12/lib/python3.12/site-packages/requests/adapters.py", line 644, in send
    resp = conn.urlopen(
           ^^^^^^^^^^^^^
  File "/Library/Frameworks/Python.framework/Versions/3.12/lib/python3.12/site-packages/urllib3/connectionpool.py", line 841, in urlopen
    retries = retries.increment(
              ^^^^^^^^^^^^^^^^^^
  File "/Library/Frameworks/Python.framework/Versions/3.12/lib/python3.12/site-packages/urllib3/util/retry.py", line 474, in increment
    raise reraise(type(error), error, _stacktrace)
          ^^^^^^^^^^^^^^^^^^^^^^^^^^^^^^^^^^^^^^^^
  File "/Library/Frameworks/Python.framework/Versions/3.12/lib/python3.12/site-packages/urllib3/util/util.py", line 39, in reraise
    raise value
  File "/Library/Frameworks/Python.framework/Versions/3.12/lib/python3.12/site-packages/urllib3/connectionpool.py", line 787, in urlopen
    response = self._make_request(
               ^^^^^^^^^^^^^^^^^^^
  File "/Library/Frameworks/Python.framework/Versions/3.12/lib/python3.12/site-packages/urllib3/connectionpool.py", line 536, in _make_request
    self._raise_timeout(err=e, url=url, timeout_value=read_timeout)
  File "/Library/Frameworks/Python.framework/Versions/3.12/lib/python3.12/site-packages/urllib3/connectionpool.py", line 367, in _raise_timeout
    raise ReadTimeoutError(
urllib3.exceptions.ReadTimeoutError: HTTPSConnectionPool(host='www.transfermarkt.world', port=443): Read timed out. (read timeout=30)

During handling of the above exception, another exception occurred:

Traceback (most recent call last):
  File "/Users/maksimsuvorov/Documents/Pycharm_projects/pickmegp2/parsing_attendance.py", line 59, in main
    parse(link, df)
  File "/Users/maksimsuvorov/Documents/Pycharm_projects/pickmegp2/parsing_attendance.py", line 30, in parse
    soup = BeautifulSoup(get_html_str(link), "html.parser")
                         ^^^^^^^^^^^^^^^^^^
  File "/Users/maksimsuvorov/Documents/Pycharm_projects/pickmegp2/parsing_attendance.py", line 20, in get_html_str
    r = requests.get(link, headers=headers, timeout=30)
        ^^^^^^^^^^^^^^^^^^^^^^^^^^^^^^^^^^^^^^^^^^^^^^^
  File "/Library/Frameworks/Python.framework/Versions/3.12/lib/python3.12/site-packages/requests/api.py", line 73, in get
    return request("get", url, params=params, **kwargs)
           ^^^^^^^^^^^^^^^^^^^^^^^^^^^^^^^^^^^^^^^^^^^^
  File "/Library/Frameworks/Python.framework/Versions/3.12/lib/python3.12/site-packages/requests/api.py", line 59, in request
    return session.request(method=method, url=url, **kwargs)
           ^^^^^^^^^^^^^^^^^^^^^^^^^^^^^^^^^^^^^^^^^^^^^^^^^
  File "/Library/Frameworks/Python.framework/Versions/3.12/lib/python3.12/site-packages/requests/sessions.py", line 589, in request
    resp = self.send(prep, **send_kwargs)
           ^^^^^^^^^^^^^^^^^^^^^^^^^^^^^^
  File "/Library/Frameworks/Python.framework/Versions/3.12/lib/python3.12/site-packages/requests/sessions.py", line 703, in send
    r = adapter.send(request, **kwargs)
        ^^^^^^^^^^^^^^^^^^^^^^^^^^^^^^^
  File "/Library/Frameworks/Python.framework/Versions/3.12/lib/python3.12/site-packages/requests/adapters.py", line 690, in send
    raise ReadTimeout(e, request=request)
requests.exceptions.ReadTimeout: HTTPSConnectionPool(host='www.transfermarkt.world', port=443): Read timed out. (read timeout=30)
2025-11-12 14:18:06,062 [INFO] __main__: Спарсили успешно `https://www.transfermarkt.world/atletico-madrid/besucherzahlenentwicklung/verein/13`
2025-11-12 14:18:06,904 [INFO] __main__: Спарсили успешно `https://www.transfermarkt.world/athletic-bilbao/besucherzahlenentwicklung/verein/621`
2025-11-12 14:18:07,409 [INFO] __main__: Спарсили успешно `https://www.transfermarkt.world/fc-villarreal/besucherzahlenentwicklung/verein/1050`
2025-11-12 14:18:08,328 [INFO] __main__: Спарсили успешно `https://www.transfermarkt.world/real-betis-sevilla/besucherzahlenentwicklung/verein/150`
2025-11-12 14:18:09,050 [INFO] __main__: Спарсили успешно `https://www.transfermarkt.world/rayo-vallecano/besucherzahlenentwicklung/verein/367`
2025-11-12 14:18:09,710 [INFO] __main__: Спарсили успешно `https://www.transfermarkt.world/celta-vigo/besucherzahlenentwicklung/verein/940`
2025-11-12 14:18:10,344 [INFO] __main__: Спарсили успешно `https://www.transfermarkt.world/ca-osasuna/besucherzahlenentwicklung/verein/331`
2025-11-12 14:18:10,992 [INFO] __main__: Спарсили успешно `https://www.transfermarkt.world/rcd-mallorca/besucherzahlenentwicklung/verein/237`
2025-11-12 14:18:24,616 [INFO] __main__: Спарсили успешно `https://www.transfermarkt.world/real-sociedad-san-sebastian/besucherzahlenentwicklung/verein/681`
2025-11-12 14:18:27,631 [INFO] __main__: Спарсили успешно `https://www.transfermarkt.world/fc-valencia/besucherzahlenentwicklung/verein/1049`
2025-11-12 14:18:28,678 [INFO] __main__: Спарсили успешно `https://www.transfermarkt.world/fc-getafe/besucherzahlenentwicklung/verein/3709`
2025-11-12 14:18:29,542 [INFO] __main__: Спарсили успешно `https://www.transfermarkt.world/deportivo-alaves/besucherzahlenentwicklung/verein/1108`
2025-11-12 14:18:29,996 [INFO] __main__: Спарсили успешно `https://www.transfermarkt.world/fc-girona/besucherzahlenentwicklung/verein/12321`
2025-11-12 14:18:30,904 [INFO] __main__: Спарсили успешно `https://www.transfermarkt.world/fc-sevilla/besucherzahlenentwicklung/verein/368`
2025-11-12 14:18:31,690 [INFO] __main__: Спарсили успешно `https://www.transfermarkt.world/espanyol-barcelona/besucherzahlenentwicklung/verein/714`
2025-11-12 14:18:32,234 [INFO] __main__: Спарсили успешно `https://www.transfermarkt.world/ud-levante/besucherzahlenentwicklung/verein/3368`
2025-11-12 14:18:33,206 [INFO] __main__: Спарсили успешно `https://www.transfermarkt.world/fc-elche/besucherzahlenentwicklung/verein/1531`
2025-11-12 14:18:33,913 [INFO] __main__: Спарсили успешно `https://www.transfermarkt.world/real-oviedo/besucherzahlenentwicklung/verein/2497`
2025-11-12 14:18:35,432 [INFO] __main__: Спарсили успешно `https://www.transfermarkt.world/fc-arsenal/besucherzahlenentwicklung/verein/11`
2025-11-12 14:18:36,489 [INFO] __main__: Спарсили успешно `https://www.transfermarkt.world/aston-villa/besucherzahlenentwicklung/verein/405`
2025-11-12 14:18:37,316 [INFO] __main__: Спарсили успешно `https://www.transfermarkt.world/afc-bournemouth/besucherzahlenentwicklung/verein/989`
2025-11-12 14:18:37,977 [INFO] __main__: Спарсили успешно `https://www.transfermarkt.world/fc-brentford/besucherzahlenentwicklung/verein/1148`
2025-11-12 14:18:38,488 [INFO] __main__: Спарсили успешно `https://www.transfermarkt.world/brighton-amp-hove-albion/besucherzahlenentwicklung/verein/1237`
2025-11-12 14:18:39,657 [INFO] __main__: Спарсили успешно `https://www.transfermarkt.world/fc-burnley/besucherzahlenentwicklung/verein/1132`
2025-11-12 14:18:40,549 [INFO] __main__: Спарсили успешно `https://www.transfermarkt.world/fc-chelsea/besucherzahlenentwicklung/verein/631`
2025-11-12 14:18:41,157 [INFO] __main__: Спарсили успешно `https://www.transfermarkt.world/crystal-palace/besucherzahlenentwicklung/verein/873`
2025-11-12 14:18:42,161 [INFO] __main__: Спарсили успешно `https://www.transfermarkt.world/fc-everton/besucherzahlenentwicklung/verein/29`
2025-11-12 14:18:43,194 [INFO] __main__: Спарсили успешно `https://www.transfermarkt.world/fc-fulham/besucherzahlenentwicklung/verein/931`
2025-11-12 14:18:44,503 [INFO] __main__: Спарсили успешно `https://www.transfermarkt.world/leeds-united/besucherzahlenentwicklung/verein/399`
2025-11-12 14:18:45,427 [INFO] __main__: Спарсили успешно `https://www.transfermarkt.world/fc-liverpool/besucherzahlenentwicklung/verein/31`
2025-11-12 14:18:46,357 [INFO] __main__: Спарсили успешно `https://www.transfermarkt.world/manchester-city/besucherzahlenentwicklung/verein/281`
2025-11-12 14:19:16,494 [ERROR] __main__: Ошибка при парсинге `https://www.transfermarkt.world/manchester-united/besucherzahlenentwicklung/verein/985`: HTTPSConnectionPool(host='www.transfermarkt.world', port=443): Read timed out. (read timeout=30)
Traceback (most recent call last):
  File "/Library/Frameworks/Python.framework/Versions/3.12/lib/python3.12/site-packages/urllib3/connectionpool.py", line 534, in _make_request
    response = conn.getresponse()
               ^^^^^^^^^^^^^^^^^^
  File "/Library/Frameworks/Python.framework/Versions/3.12/lib/python3.12/site-packages/urllib3/connection.py", line 565, in getresponse
    httplib_response = super().getresponse()
                       ^^^^^^^^^^^^^^^^^^^^^
  File "/Library/Frameworks/Python.framework/Versions/3.12/lib/python3.12/http/client.py", line 1419, in getresponse
    response.begin()
  File "/Library/Frameworks/Python.framework/Versions/3.12/lib/python3.12/http/client.py", line 331, in begin
    version, status, reason = self._read_status()
                              ^^^^^^^^^^^^^^^^^^^
  File "/Library/Frameworks/Python.framework/Versions/3.12/lib/python3.12/http/client.py", line 292, in _read_status
    line = str(self.fp.readline(_MAXLINE + 1), "iso-8859-1")
               ^^^^^^^^^^^^^^^^^^^^^^^^^^^^^^
  File "/Library/Frameworks/Python.framework/Versions/3.12/lib/python3.12/socket.py", line 707, in readinto
    return self._sock.recv_into(b)
           ^^^^^^^^^^^^^^^^^^^^^^^
  File "/Library/Frameworks/Python.framework/Versions/3.12/lib/python3.12/ssl.py", line 1253, in recv_into
    return self.read(nbytes, buffer)
           ^^^^^^^^^^^^^^^^^^^^^^^^^
  File "/Library/Frameworks/Python.framework/Versions/3.12/lib/python3.12/ssl.py", line 1105, in read
    return self._sslobj.read(len, buffer)
           ^^^^^^^^^^^^^^^^^^^^^^^^^^^^^^
TimeoutError: The read operation timed out

The above exception was the direct cause of the following exception:

Traceback (most recent call last):
  File "/Library/Frameworks/Python.framework/Versions/3.12/lib/python3.12/site-packages/requests/adapters.py", line 644, in send
    resp = conn.urlopen(
           ^^^^^^^^^^^^^
  File "/Library/Frameworks/Python.framework/Versions/3.12/lib/python3.12/site-packages/urllib3/connectionpool.py", line 841, in urlopen
    retries = retries.increment(
              ^^^^^^^^^^^^^^^^^^
  File "/Library/Frameworks/Python.framework/Versions/3.12/lib/python3.12/site-packages/urllib3/util/retry.py", line 474, in increment
    raise reraise(type(error), error, _stacktrace)
          ^^^^^^^^^^^^^^^^^^^^^^^^^^^^^^^^^^^^^^^^
  File "/Library/Frameworks/Python.framework/Versions/3.12/lib/python3.12/site-packages/urllib3/util/util.py", line 39, in reraise
    raise value
  File "/Library/Frameworks/Python.framework/Versions/3.12/lib/python3.12/site-packages/urllib3/connectionpool.py", line 787, in urlopen
    response = self._make_request(
               ^^^^^^^^^^^^^^^^^^^
  File "/Library/Frameworks/Python.framework/Versions/3.12/lib/python3.12/site-packages/urllib3/connectionpool.py", line 536, in _make_request
    self._raise_timeout(err=e, url=url, timeout_value=read_timeout)
  File "/Library/Frameworks/Python.framework/Versions/3.12/lib/python3.12/site-packages/urllib3/connectionpool.py", line 367, in _raise_timeout
    raise ReadTimeoutError(
urllib3.exceptions.ReadTimeoutError: HTTPSConnectionPool(host='www.transfermarkt.world', port=443): Read timed out. (read timeout=30)

During handling of the above exception, another exception occurred:

Traceback (most recent call last):
  File "/Users/maksimsuvorov/Documents/Pycharm_projects/pickmegp2/parsing_attendance.py", line 59, in main
    parse(link, df)
  File "/Users/maksimsuvorov/Documents/Pycharm_projects/pickmegp2/parsing_attendance.py", line 30, in parse
    soup = BeautifulSoup(get_html_str(link), "html.parser")
                         ^^^^^^^^^^^^^^^^^^
  File "/Users/maksimsuvorov/Documents/Pycharm_projects/pickmegp2/parsing_attendance.py", line 20, in get_html_str
    r = requests.get(link, headers=headers, timeout=30)
        ^^^^^^^^^^^^^^^^^^^^^^^^^^^^^^^^^^^^^^^^^^^^^^^
  File "/Library/Frameworks/Python.framework/Versions/3.12/lib/python3.12/site-packages/requests/api.py", line 73, in get
    return request("get", url, params=params, **kwargs)
           ^^^^^^^^^^^^^^^^^^^^^^^^^^^^^^^^^^^^^^^^^^^^
  File "/Library/Frameworks/Python.framework/Versions/3.12/lib/python3.12/site-packages/requests/api.py", line 59, in request
    return session.request(method=method, url=url, **kwargs)
           ^^^^^^^^^^^^^^^^^^^^^^^^^^^^^^^^^^^^^^^^^^^^^^^^^
  File "/Library/Frameworks/Python.framework/Versions/3.12/lib/python3.12/site-packages/requests/sessions.py", line 589, in request
    resp = self.send(prep, **send_kwargs)
           ^^^^^^^^^^^^^^^^^^^^^^^^^^^^^^
  File "/Library/Frameworks/Python.framework/Versions/3.12/lib/python3.12/site-packages/requests/sessions.py", line 703, in send
    r = adapter.send(request, **kwargs)
        ^^^^^^^^^^^^^^^^^^^^^^^^^^^^^^^
  File "/Library/Frameworks/Python.framework/Versions/3.12/lib/python3.12/site-packages/requests/adapters.py", line 690, in send
    raise ReadTimeout(e, request=request)
requests.exceptions.ReadTimeout: HTTPSConnectionPool(host='www.transfermarkt.world', port=443): Read timed out. (read timeout=30)
2025-11-12 14:19:17,555 [INFO] __main__: Спарсили успешно `https://www.transfermarkt.world/newcastle-united/besucherzahlenentwicklung/verein/762`
2025-11-12 14:19:18,678 [INFO] __main__: Спарсили успешно `https://www.transfermarkt.world/nottingham-forest/besucherzahlenentwicklung/verein/703`
2025-11-12 14:19:19,577 [INFO] __main__: Спарсили успешно `https://www.transfermarkt.world/afc-sunderland/besucherzahlenentwicklung/verein/289`
2025-11-12 14:19:20,425 [INFO] __main__: Спарсили успешно `https://www.transfermarkt.world/tottenham-hotspur/besucherzahlenentwicklung/verein/148`
2025-11-12 14:19:21,277 [INFO] __main__: Спарсили успешно `https://www.transfermarkt.world/west-ham-united/besucherzahlenentwicklung/verein/379`
2025-11-12 14:19:22,169 [INFO] __main__: Спарсили успешно `https://www.transfermarkt.world/wolverhampton-wanderers/besucherzahlenentwicklung/verein/543`
2025-11-12 14:19:22,914 [INFO] __main__: Спарсили успешно `https://www.transfermarkt.world/fc-bayern-munchen/besucherzahlenentwicklung/verein/27`
2025-11-12 14:19:23,594 [INFO] __main__: Спарсили успешно `https://www.transfermarkt.world/bayer-04-leverkusen/besucherzahlenentwicklung/verein/15`
2025-11-12 14:19:24,375 [INFO] __main__: Спарсили успешно `https://www.transfermarkt.world/eintracht-frankfurt/besucherzahlenentwicklung/verein/24`
2025-11-12 14:19:25,258 [INFO] __main__: Спарсили успешно `https://www.transfermarkt.world/borussia-dortmund/besucherzahlenentwicklung/verein/16`
2025-11-12 14:19:25,937 [INFO] __main__: Спарсили успешно `https://www.transfermarkt.world/sc-freiburg/besucherzahlenentwicklung/verein/60`
2025-11-12 14:19:26,759 [INFO] __main__: Спарсили успешно `https://www.transfermarkt.world/1-fsv-mainz-05/besucherzahlenentwicklung/verein/39`
2025-11-12 14:19:27,458 [INFO] __main__: Спарсили успешно `https://www.transfermarkt.world/rasenballsport-leipzig/besucherzahlenentwicklung/verein/23826`
2025-11-12 14:19:35,097 [INFO] __main__: Спарсили успешно `https://www.transfermarkt.world/sv-werder-bremen/besucherzahlenentwicklung/verein/86`
2025-11-12 14:19:36,206 [INFO] __main__: Спарсили успешно `https://www.transfermarkt.world/vfb-stuttgart/besucherzahlenentwicklung/verein/79`
2025-11-12 14:19:37,017 [INFO] __main__: Спарсили успешно `https://www.transfermarkt.world/borussia-monchengladbach/besucherzahlenentwicklung/verein/18`
2025-11-12 14:19:37,750 [INFO] __main__: Спарсили успешно `https://www.transfermarkt.world/vfl-wolfsburg/besucherzahlenentwicklung/verein/82`
2025-11-12 14:19:38,464 [INFO] __main__: Спарсили успешно `https://www.transfermarkt.world/fc-augsburg/besucherzahlenentwicklung/verein/167`
2025-11-12 14:19:39,230 [INFO] __main__: Спарсили успешно `https://www.transfermarkt.world/1-fc-union-berlin/besucherzahlenentwicklung/verein/89`
2025-11-12 14:19:40,544 [INFO] __main__: Спарсили успешно `https://www.transfermarkt.world/fc-st-pauli/besucherzahlenentwicklung/verein/35`
2025-11-12 14:19:53,850 [INFO] __main__: Спарсили успешно `https://www.transfermarkt.world/tsg-1899-hoffenheim/besucherzahlenentwicklung/verein/533`
2025-11-12 14:20:06,216 [INFO] __main__: Спарсили успешно `https://www.transfermarkt.world/1-fc-heidenheim-1846/besucherzahlenentwicklung/verein/2036`
2025-11-12 14:20:06,979 [INFO] __main__: Спарсили успешно `https://www.transfermarkt.world/1-fc-koln/besucherzahlenentwicklung/verein/3`
2025-11-12 14:20:08,032 [INFO] __main__: Спарсили успешно `https://www.transfermarkt.world/hamburger-sv/besucherzahlenentwicklung/verein/41`
2025-11-12 14:20:08,671 [INFO] __main__: Спарсили успешно `https://www.transfermarkt.world/sporting-lissabon/besucherzahlenentwicklung/verein/336`
2025-11-12 14:20:09,463 [INFO] __main__: Спарсили успешно `https://www.transfermarkt.world/benfica-lissabon/besucherzahlenentwicklung/verein/294`
2025-11-12 14:20:10,159 [INFO] __main__: Спарсили успешно `https://www.transfermarkt.world/fc-porto/besucherzahlenentwicklung/verein/720`
2025-11-12 14:20:10,955 [INFO] __main__: Спарсили успешно `https://www.transfermarkt.world/sc-braga/besucherzahlenentwicklung/verein/1075`
2025-11-12 14:20:11,555 [INFO] __main__: Спарсили успешно `https://www.transfermarkt.world/cd-santa-clara/besucherzahlenentwicklung/verein/2423`
2025-11-12 14:20:12,349 [INFO] __main__: Спарсили успешно `https://www.transfermarkt.world/vitoria-guimaraes-sc/besucherzahlenentwicklung/verein/2420`
2025-11-12 14:20:13,249 [INFO] __main__: Спарсили успешно `https://www.transfermarkt.world/fc-famalicao/besucherzahlenentwicklung/verein/3329`
2025-11-12 14:20:13,898 [INFO] __main__: Спарсили успешно `https://www.transfermarkt.world/gd-estoril-praia/besucherzahlenentwicklung/verein/1465`
2025-11-12 14:20:14,314 [INFO] __main__: Спарсили успешно `https://www.transfermarkt.world/casa-pia-ac/besucherzahlenentwicklung/verein/3268`
2025-11-12 14:20:14,826 [INFO] __main__: Спарсили успешно `https://www.transfermarkt.world/moreirense-fc/besucherzahlenentwicklung/verein/979`
2025-11-12 14:20:15,285 [INFO] __main__: Спарсили успешно `https://www.transfermarkt.world/rio-ave-fc/besucherzahlenentwicklung/verein/2425`
2025-11-12 14:20:16,202 [INFO] __main__: Спарсили успешно `https://www.transfermarkt.world/fc-arouca/besucherzahlenentwicklung/verein/8024`
2025-11-12 14:20:16,787 [INFO] __main__: Спарсили успешно `https://www.transfermarkt.world/gil-vicente-fc/besucherzahlenentwicklung/verein/2424`
2025-11-12 14:20:17,342 [INFO] __main__: Спарсили успешно `https://www.transfermarkt.world/cd-nacional/besucherzahlenentwicklung/verein/982`
2025-11-12 14:20:17,746 [INFO] __main__: Спарсили успешно `https://www.transfermarkt.world/cf-estrela-amadora-sad/besucherzahlenentwicklung/verein/2431`
2025-11-12 14:20:18,108 [INFO] __main__: Спарсили успешно `https://www.transfermarkt.world/avs-futebol-sad/besucherzahlenentwicklung/verein/110302`
2025-11-12 14:20:18,659 [INFO] __main__: Спарсили успешно `https://www.transfermarkt.world/cd-tondela/besucherzahlenentwicklung/verein/7179`
2025-11-12 14:20:19,300 [INFO] __main__: Спарсили успешно `https://www.transfermarkt.world/fc-alverca/besucherzahlenentwicklung/verein/2521`
2025-11-12 14:20:20,057 [INFO] __main__: Спарсили успешно `https://www.transfermarkt.world/fc-paris-saint-germain/besucherzahlenentwicklung/verein/583`
2025-11-12 14:20:20,854 [INFO] __main__: Спарсили успешно `https://www.transfermarkt.world/olympique-marseille/besucherzahlenentwicklung/verein/244`
2025-11-12 14:20:21,526 [INFO] __main__: Спарсили успешно `https://www.transfermarkt.world/as-monaco/besucherzahlenentwicklung/verein/162`
2025-11-12 14:20:22,365 [INFO] __main__: Спарсили успешно `https://www.transfermarkt.world/ogc-nizza/besucherzahlenentwicklung/verein/417`
2025-11-12 14:20:23,177 [INFO] __main__: Спарсили успешно `https://www.transfermarkt.world/losc-lille/besucherzahlenentwicklung/verein/1082`
2025-11-12 14:20:24,122 [INFO] __main__: Спарсили успешно `https://www.transfermarkt.world/olympique-lyon/besucherzahlenentwicklung/verein/1041`
2025-11-12 14:20:25,607 [INFO] __main__: Спарсили успешно `https://www.transfermarkt.world/rc-strassburg-alsace/besucherzahlenentwicklung/verein/667`
2025-11-12 14:20:26,344 [INFO] __main__: Спарсили успешно `https://www.transfermarkt.world/rc-lens/besucherzahlenentwicklung/verein/826`
2025-11-12 14:20:27,147 [INFO] __main__: Спарсили успешно `https://www.transfermarkt.world/stade-brest-29/besucherzahlenentwicklung/verein/3911`
2025-11-12 14:20:33,784 [INFO] __main__: Спарсили успешно `https://www.transfermarkt.world/fc-toulouse/besucherzahlenentwicklung/verein/415`
2025-11-12 14:20:34,403 [INFO] __main__: Спарсили успешно `https://www.transfermarkt.world/aj-auxerre/besucherzahlenentwicklung/verein/290`
2025-11-12 14:20:35,979 [INFO] __main__: Спарсили успешно `https://www.transfermarkt.world/fc-stade-rennes/besucherzahlenentwicklung/verein/273`
2025-11-12 14:20:36,597 [INFO] __main__: Спарсили успешно `https://www.transfermarkt.world/fc-nantes/besucherzahlenentwicklung/verein/995`
2025-11-12 14:20:37,327 [INFO] __main__: Спарсили успешно `https://www.transfermarkt.world/sco-angers/besucherzahlenentwicklung/verein/1420`
2025-11-12 14:20:38,199 [INFO] __main__: Спарсили успешно `https://www.transfermarkt.world/ac-le-havre/besucherzahlenentwicklung/verein/738`
2025-11-12 14:20:39,261 [INFO] __main__: Спарсили успешно `https://www.transfermarkt.world/fc-lorient/besucherzahlenentwicklung/verein/1158`
2025-11-12 14:20:39,797 [INFO] __main__: Спарсили успешно `https://www.transfermarkt.world/paris-fc/besucherzahlenentwicklung/verein/10004`
2025-11-12 14:20:40,474 [INFO] __main__: Спарсили успешно `https://www.transfermarkt.world/fc-metz/besucherzahlenentwicklung/verein/347`
2025-11-12 14:20:42,267 [INFO] __main__: Спарсили успешно `https://www.transfermarkt.world/ssc-neapel/besucherzahlenentwicklung/verein/6195`
2025-11-12 14:20:43,052 [INFO] __main__: Спарсили успешно `https://www.transfermarkt.world/inter-mailand/besucherzahlenentwicklung/verein/46`
2025-11-12 14:20:44,333 [INFO] __main__: Спарсили успешно `https://www.transfermarkt.world/atalanta-bergamo/besucherzahlenentwicklung/verein/800`
2025-11-12 14:20:45,170 [INFO] __main__: Спарсили успешно `https://www.transfermarkt.world/juventus-turin/besucherzahlenentwicklung/verein/506`
2025-11-12 14:20:46,257 [INFO] __main__: Спарсили успешно `https://www.transfermarkt.world/as-rom/besucherzahlenentwicklung/verein/12`
2025-11-12 14:20:47,386 [INFO] __main__: Спарсили успешно `https://www.transfermarkt.world/ac-florenz/besucherzahlenentwicklung/verein/430`
2025-11-12 14:20:48,535 [INFO] __main__: Спарсили успешно `https://www.transfermarkt.world/lazio-rom/besucherzahlenentwicklung/verein/398`
2025-11-12 14:20:49,662 [INFO] __main__: Спарсили успешно `https://www.transfermarkt.world/ac-mailand/besucherzahlenentwicklung/verein/5`
2025-11-12 14:20:50,848 [INFO] __main__: Спарсили успешно `https://www.transfermarkt.world/fc-bologna/besucherzahlenentwicklung/verein/1025`
2025-11-12 14:20:51,666 [INFO] __main__: Спарсили успешно `https://www.transfermarkt.world/como-1907/besucherzahlenentwicklung/verein/1047`
2025-11-12 14:20:52,558 [INFO] __main__: Спарсили успешно `https://www.transfermarkt.world/fc-turin/besucherzahlenentwicklung/verein/416`
2025-11-12 14:20:53,682 [INFO] __main__: Спарсили успешно `https://www.transfermarkt.world/udinese-calcio/besucherzahlenentwicklung/verein/410`
2025-11-12 14:20:54,583 [INFO] __main__: Спарсили успешно `https://www.transfermarkt.world/genua-cfc/besucherzahlenentwicklung/verein/252`
2025-11-12 14:21:24,715 [ERROR] __main__: Ошибка при парсинге `https://www.transfermarkt.world/hellas-verona/besucherzahlenentwicklung/verein/276`: HTTPSConnectionPool(host='www.transfermarkt.world', port=443): Read timed out. (read timeout=30)
Traceback (most recent call last):
  File "/Library/Frameworks/Python.framework/Versions/3.12/lib/python3.12/site-packages/urllib3/connectionpool.py", line 534, in _make_request
    response = conn.getresponse()
               ^^^^^^^^^^^^^^^^^^
  File "/Library/Frameworks/Python.framework/Versions/3.12/lib/python3.12/site-packages/urllib3/connection.py", line 565, in getresponse
    httplib_response = super().getresponse()
                       ^^^^^^^^^^^^^^^^^^^^^
  File "/Library/Frameworks/Python.framework/Versions/3.12/lib/python3.12/http/client.py", line 1419, in getresponse
    response.begin()
  File "/Library/Frameworks/Python.framework/Versions/3.12/lib/python3.12/http/client.py", line 331, in begin
    version, status, reason = self._read_status()
                              ^^^^^^^^^^^^^^^^^^^
  File "/Library/Frameworks/Python.framework/Versions/3.12/lib/python3.12/http/client.py", line 292, in _read_status
    line = str(self.fp.readline(_MAXLINE + 1), "iso-8859-1")
               ^^^^^^^^^^^^^^^^^^^^^^^^^^^^^^
  File "/Library/Frameworks/Python.framework/Versions/3.12/lib/python3.12/socket.py", line 707, in readinto
    return self._sock.recv_into(b)
           ^^^^^^^^^^^^^^^^^^^^^^^
  File "/Library/Frameworks/Python.framework/Versions/3.12/lib/python3.12/ssl.py", line 1253, in recv_into
    return self.read(nbytes, buffer)
           ^^^^^^^^^^^^^^^^^^^^^^^^^
  File "/Library/Frameworks/Python.framework/Versions/3.12/lib/python3.12/ssl.py", line 1105, in read
    return self._sslobj.read(len, buffer)
           ^^^^^^^^^^^^^^^^^^^^^^^^^^^^^^
TimeoutError: The read operation timed out

The above exception was the direct cause of the following exception:

Traceback (most recent call last):
  File "/Library/Frameworks/Python.framework/Versions/3.12/lib/python3.12/site-packages/requests/adapters.py", line 644, in send
    resp = conn.urlopen(
           ^^^^^^^^^^^^^
  File "/Library/Frameworks/Python.framework/Versions/3.12/lib/python3.12/site-packages/urllib3/connectionpool.py", line 841, in urlopen
    retries = retries.increment(
              ^^^^^^^^^^^^^^^^^^
  File "/Library/Frameworks/Python.framework/Versions/3.12/lib/python3.12/site-packages/urllib3/util/retry.py", line 474, in increment
    raise reraise(type(error), error, _stacktrace)
          ^^^^^^^^^^^^^^^^^^^^^^^^^^^^^^^^^^^^^^^^
  File "/Library/Frameworks/Python.framework/Versions/3.12/lib/python3.12/site-packages/urllib3/util/util.py", line 39, in reraise
    raise value
  File "/Library/Frameworks/Python.framework/Versions/3.12/lib/python3.12/site-packages/urllib3/connectionpool.py", line 787, in urlopen
    response = self._make_request(
               ^^^^^^^^^^^^^^^^^^^
  File "/Library/Frameworks/Python.framework/Versions/3.12/lib/python3.12/site-packages/urllib3/connectionpool.py", line 536, in _make_request
    self._raise_timeout(err=e, url=url, timeout_value=read_timeout)
  File "/Library/Frameworks/Python.framework/Versions/3.12/lib/python3.12/site-packages/urllib3/connectionpool.py", line 367, in _raise_timeout
    raise ReadTimeoutError(
urllib3.exceptions.ReadTimeoutError: HTTPSConnectionPool(host='www.transfermarkt.world', port=443): Read timed out. (read timeout=30)

During handling of the above exception, another exception occurred:

Traceback (most recent call last):
  File "/Users/maksimsuvorov/Documents/Pycharm_projects/pickmegp2/parsing_attendance.py", line 59, in main
    parse(link, df)
  File "/Users/maksimsuvorov/Documents/Pycharm_projects/pickmegp2/parsing_attendance.py", line 30, in parse
    soup = BeautifulSoup(get_html_str(link), "html.parser")
                         ^^^^^^^^^^^^^^^^^^
  File "/Users/maksimsuvorov/Documents/Pycharm_projects/pickmegp2/parsing_attendance.py", line 20, in get_html_str
    r = requests.get(link, headers=headers, timeout=30)
        ^^^^^^^^^^^^^^^^^^^^^^^^^^^^^^^^^^^^^^^^^^^^^^^
  File "/Library/Frameworks/Python.framework/Versions/3.12/lib/python3.12/site-packages/requests/api.py", line 73, in get
    return request("get", url, params=params, **kwargs)
           ^^^^^^^^^^^^^^^^^^^^^^^^^^^^^^^^^^^^^^^^^^^^
  File "/Library/Frameworks/Python.framework/Versions/3.12/lib/python3.12/site-packages/requests/api.py", line 59, in request
    return session.request(method=method, url=url, **kwargs)
           ^^^^^^^^^^^^^^^^^^^^^^^^^^^^^^^^^^^^^^^^^^^^^^^^^
  File "/Library/Frameworks/Python.framework/Versions/3.12/lib/python3.12/site-packages/requests/sessions.py", line 589, in request
    resp = self.send(prep, **send_kwargs)
           ^^^^^^^^^^^^^^^^^^^^^^^^^^^^^^
  File "/Library/Frameworks/Python.framework/Versions/3.12/lib/python3.12/site-packages/requests/sessions.py", line 703, in send
    r = adapter.send(request, **kwargs)
        ^^^^^^^^^^^^^^^^^^^^^^^^^^^^^^^
  File "/Library/Frameworks/Python.framework/Versions/3.12/lib/python3.12/site-packages/requests/adapters.py", line 690, in send
    raise ReadTimeout(e, request=request)
requests.exceptions.ReadTimeout: HTTPSConnectionPool(host='www.transfermarkt.world', port=443): Read timed out. (read timeout=30)
2025-11-12 14:21:25,795 [INFO] __main__: Спарсили успешно `https://www.transfermarkt.world/cagliari-calcio/besucherzahlenentwicklung/verein/1390`
2025-11-12 14:21:26,945 [INFO] __main__: Спарсили успешно `https://www.transfermarkt.world/parma-calcio-1913/besucherzahlenentwicklung/verein/130`
2025-11-12 14:21:28,067 [INFO] __main__: Спарсили успешно `https://www.transfermarkt.world/us-lecce/besucherzahlenentwicklung/verein/1005`
2025-11-12 14:21:33,653 [INFO] __main__: Спарсили успешно `https://www.transfermarkt.world/us-sassuolo/besucherzahlenentwicklung/verein/6574`
2025-11-12 14:21:34,641 [INFO] __main__: Спарсили успешно `https://www.transfermarkt.world/ac-pisa-1909/besucherzahlenentwicklung/verein/4172`
2025-11-12 14:21:35,510 [INFO] __main__: Спарсили успешно `https://www.transfermarkt.world/us-cremonese/besucherzahlenentwicklung/verein/2239`
2025-11-12 14:21:35,519 [INFO] __main__: Файл attendance.csv сохранён, строк: 442
2025-11-12 14:23:18,818 [INFO] __main__: Premier League — сезон 2021-2022 обработан
2025-11-12 14:23:31,373 [INFO] __main__: Premier League — сезон 2022-2023 обработан
2025-11-12 14:23:43,579 [INFO] __main__: Premier League — сезон 2023-2024 обработан
2025-11-12 14:23:54,524 [INFO] __main__: Premier League — сезон 2024-2025 обработан
2025-11-12 14:24:08,953 [INFO] __main__: La Liga — сезон 2021-2022 обработан
2025-11-12 14:24:21,845 [INFO] __main__: La Liga — сезон 2022-2023 обработан
2025-11-12 14:24:38,247 [INFO] __main__: La Liga — сезон 2023-2024 обработан
2025-11-12 14:24:52,810 [INFO] __main__: La Liga — сезон 2024-2025 обработан
2025-11-12 14:25:02,638 [INFO] __main__: Bundesliga — сезон 2021-2022 обработан
2025-11-12 14:25:11,633 [INFO] __main__: Bundesliga — сезон 2022-2023 обработан
2025-11-12 14:25:20,907 [INFO] __main__: Bundesliga — сезон 2023-2024 обработан
2025-11-12 14:25:30,663 [INFO] __main__: Bundesliga — сезон 2024-2025 обработан
2025-11-12 14:25:41,659 [INFO] __main__: Serie A — сезон 2021-2022 обработан
2025-11-12 14:25:52,308 [INFO] __main__: Serie A — сезон 2022-2023 обработан
2025-11-12 14:26:03,106 [INFO] __main__: Serie A — сезон 2023-2024 обработан
2025-11-12 14:26:14,471 [INFO] __main__: Serie A — сезон 2024-2025 обработан
2025-11-12 14:26:29,900 [INFO] __main__: Ligue 1 — сезон 2021-2022 обработан
2025-11-12 14:26:44,304 [INFO] __main__: Ligue 1 — сезон 2022-2023 обработан
2025-11-12 14:26:55,729 [INFO] __main__: Ligue 1 — сезон 2023-2024 обработан
2025-11-12 14:27:04,309 [INFO] __main__: Ligue 1 — сезон 2024-2025 обработан
2025-11-12 14:27:15,562 [INFO] __main__: Liga Portugal — сезон 2021-2022 обработан
2025-11-12 14:27:25,350 [INFO] __main__: Liga Portugal — сезон 2022-2023 обработан
2025-11-12 14:27:36,265 [INFO] __main__: Liga Portugal — сезон 2023-2024 обработан
2025-11-12 14:27:43,980 [INFO] __main__: Liga Portugal — сезон 2024-2025 обработан
2025-11-12 14:27:44,012 [INFO] __main__: Файл matches_dataset.csv сохранён
